#This file was generated using SimGrid-3.30.0
#[./build/bin/main --cfg=smpi/privatization:1 --cfg=smpi/np:4 --cfg=smpi/hostfile:hostfiles/cluster_hostfile.txt --cfg=tracing:yes --cfg=tracing/filename:smpi_simgrid.trace --cfg=tracing/smpi:yes --cfg=surf/precision:1e-9 --cfg=network/model:SMPI --cfg=smpi/tmpdir:/tmp platforms/cluster_crossbar.xml -p 2 -q 2 -n 10 -b 5 --algorithm bcast --niter 2 -c -v ]
%EventDef PajeDefineContainerType 0
%       Alias string
%       Type string
%       Name string
%EndEventDef
%EventDef PajeDefineVariableType 1
%       Alias string
%       Type string
%       Name string
%       Color color
%EndEventDef
%EventDef PajeDefineStateType 2
%       Alias string
%       Type string
%       Name string
%EndEventDef
%EventDef PajeDefineEventType 3
%       Alias string
%       Type string
%       Name string
%EndEventDef
%EventDef PajeDefineLinkType 4
%       Alias string
%       Type string
%       StartContainerType string
%       EndContainerType string
%       Name string
%EndEventDef
%EventDef PajeDefineEntityValue 5
%       Alias string
%       Type string
%       Name string
%       Color color
%EndEventDef
%EventDef PajeCreateContainer 6
%       Time date
%       Alias string
%       Type string
%       Container string
%       Name string
%EndEventDef
%EventDef PajeDestroyContainer 7
%       Time date
%       Type string
%       Name string
%EndEventDef
%EventDef PajeSetVariable 8
%       Time date
%       Type string
%       Container string
%       Value double
%EndEventDef
%EventDef PajeAddVariable 9
%       Time date
%       Type string
%       Container string
%       Value double
%EndEventDef
%EventDef PajeSubVariable 10
%       Time date
%       Type string
%       Container string
%       Value double
%EndEventDef
%EventDef PajeSetState 11
%       Time date
%       Type string
%       Container string
%       Value string
%EndEventDef
%EventDef PajePushState 12
%       Time date
%       Type string
%       Container string
%       Value string
%EndEventDef
%EventDef PajePopState 13
%       Time date
%       Type string
%       Container string
%EndEventDef
%EventDef PajeResetState 14
%       Time date
%       Type string
%       Container string
%EndEventDef
%EventDef PajeStartLink 15
%       Time date
%       Type string
%       Container string
%       Value string
%       StartContainer string
%       Key string
%EndEventDef
%EventDef PajeEndLink 16
%       Time date
%       Type string
%       Container string
%       Value string
%       EndContainer string
%       Key string
%EndEventDef
%EventDef PajeNewEvent 17
%       Time date
%       Type string
%       Container string
%       Value string
%EndEventDef
0 1 0 MPI
2 2 1 MPI_STATE
4 3 0 1 1 MPI_LINK
4 4 0 1 1 MIGRATE_LINK
2 5 1 MIGRATE_STATE
6 0.000000 1 1 0 "rank-0"
6 0.000000 2 1 0 "rank-1"
6 0.000000 3 1 0 "rank-2"
6 0.000000 4 1 0 "rank-3"
5 6 2 PMPI_Init "0 1 0"
12 0.000000 2 1 6
13 0.000000 2 1
12 0.000000 2 2 6
13 0.000000 2 2
12 0.000000 2 3 6
13 0.000000 2 3
12 0.000000 2 4 6
13 0.000000 2 4
5 7 2 PMPI_Barrier "0 0.39 0.78"
5 8 2 PMPI_Bcast "0 0.78 0.39"
5 9 2 PMPI_Recv "1 0 0"
5 10 2 PMPI_Send "0 0 1"
5 11 2 PMPI_Finalize "0 1 0"
12 0.000000 2 4 7
12 0.000000 2 1 7
12 0.000000 2 2 7
12 0.000000 2 3 7
13 0.000024 2 1
12 0.000024 2 1 7
13 0.000048 2 4
13 0.000048 2 3
13 0.000048 2 2
12 0.000048 2 3 7
12 0.000048 2 2 7
12 0.000048 2 4 7
13 0.000072 2 1
13 0.000096 2 4
13 0.000096 2 3
13 0.000096 2 2
12 0.000305 2 1 8
12 0.000305 2 2 8
13 0.000305 2 1
12 0.000305 2 1 8
13 0.000305 2 1
12 0.000305 2 1 8
13 0.000305 2 1
12 0.000305 2 1 8
13 0.000305 2 1
12 0.000305 2 1 8
12 0.000326 2 4 8
12 0.000327 2 3 8
13 0.000327 2 3
12 0.000327 2 3 8
13 0.000327 2 3
12 0.000327 2 3 8
13 0.000335 2 2
12 0.000335 2 2 8
13 0.000357 2 4
12 0.000357 2 4 8
13 0.000359 2 3
12 0.000359 2 3 8
13 0.000366 2 2
12 0.000366 2 2 8
13 0.000366 2 2
12 0.000366 2 2 8
13 0.000366 2 2
12 0.000366 2 2 8
13 0.000387 2 4
12 0.000387 2 4 8
13 0.000387 2 4
12 0.000387 2 4 8
13 0.000387 2 4
12 0.000387 2 4 8
13 0.000387 2 4
12 0.000387 2 4 8
13 0.000387 2 4
12 0.000387 2 4 8
13 0.000389 2 3
12 0.000389 2 3 8
13 0.000396 2 1
12 0.000396 2 1 8
13 0.000424 2 2
12 0.000424 2 2 8
13 0.000425 2 1
12 0.000425 2 1 8
13 0.000425 2 1
12 0.000425 2 1 8
13 0.000425 2 1
12 0.000425 2 1 8
13 0.000425 2 1
12 0.000425 2 1 8
13 0.000425 2 1
12 0.000425 2 1 8
13 0.000425 2 3
12 0.000425 2 3 8
13 0.000460 2 2
12 0.000460 2 2 8
13 0.000462 2 3
12 0.000462 2 3 8
13 0.000462 2 3
12 0.000462 2 3 8
13 0.000462 2 3
12 0.000462 2 3 8
13 0.000492 2 4
12 0.000492 2 4 8
13 0.000497 2 2
12 0.000497 2 2 8
13 0.000499 2 3
12 0.000499 2 3 8
13 0.000521 2 4
12 0.000521 2 4 8
13 0.000521 2 4
12 0.000521 2 4 8
13 0.000521 2 4
12 0.000521 2 4 8
13 0.000521 2 4
12 0.000521 2 4 8
13 0.000521 2 4
12 0.000521 2 4 7
13 0.000534 2 2
12 0.000534 2 2 8
13 0.000534 2 2
12 0.000534 2 2 8
13 0.000534 2 2
12 0.000534 2 2 8
13 0.000536 2 3
12 0.000536 2 3 8
13 0.000563 2 1
12 0.000563 2 1 8
13 0.000571 2 2
12 0.000571 2 2 8
13 0.000572 2 3
12 0.000572 2 3 8
13 0.000593 2 1
12 0.000593 2 1 7
13 0.000608 2 2
12 0.000608 2 2 7
13 0.000609 2 3
12 0.000609 2 3 7
13 0.000631 2 1
12 0.000631 2 1 7
13 0.000655 2 4
13 0.000655 2 3
13 0.000655 2 2
12 0.000655 2 3 7
12 0.000655 2 4 7
12 0.000655 2 2 7
13 0.000679 2 1
12 0.000679 2 1 9
13 0.000703 2 4
13 0.000703 2 3
13 0.000703 2 2
12 0.000703 2 2 10
15 0.000703 3 0 PTP 2 2_1_0_1
12 0.000703 2 3 10
15 0.000703 3 0 PTP 3 3_1_0_2
12 0.000703 2 4 10
15 0.000703 3 0 PTP 4 4_1_0_3
13 0.000703 2 2
13 0.000703 2 3
13 0.000703 2 4
12 0.000703 2 4 10
15 0.000703 3 0 PTP 4 4_1_0_4
13 0.000703 2 4
12 0.000703 2 3 10
15 0.000703 3 0 PTP 3 3_1_0_5
12 0.000703 2 2 10
15 0.000703 3 0 PTP 2 2_1_0_6
12 0.000703 2 4 10
15 0.000703 3 0 PTP 4 4_1_0_7
13 0.000703 2 3
13 0.000703 2 2
13 0.000703 2 4
12 0.000703 2 4 10
15 0.000703 3 0 PTP 4 4_1_0_8
13 0.000703 2 4
12 0.000703 2 4 10
15 0.000703 3 0 PTP 4 4_1_0_9
13 0.000703 2 4
12 0.000703 2 4 10
15 0.000703 3 0 PTP 4 4_1_0_10
13 0.000703 2 4
12 0.000703 2 4 10
15 0.000703 3 0 PTP 4 4_1_0_11
12 0.000703 2 2 10
15 0.000703 3 0 PTP 2 2_1_0_12
12 0.000703 2 3 10
15 0.000703 3 0 PTP 3 3_1_0_13
13 0.000703 2 4
12 0.000703 2 4 10
15 0.000703 3 0 PTP 4 4_1_0_14
13 0.000703 2 2
12 0.000703 2 2 10
15 0.000703 3 0 PTP 2 2_1_0_15
13 0.000703 2 3
12 0.000703 2 3 10
15 0.000703 3 0 PTP 3 3_1_0_16
13 0.000703 2 4
13 0.000703 2 2
12 0.000703 2 2 10
15 0.000703 3 0 PTP 2 2_1_0_17
13 0.000703 2 3
13 0.000703 2 2
12 0.000703 2 2 10
15 0.000703 3 0 PTP 2 2_1_0_18
13 0.000703 2 2
12 0.000703 2 3 10
15 0.000703 3 0 PTP 3 3_1_0_19
12 0.000703 2 4 10
15 0.000703 3 0 PTP 4 4_1_0_20
12 0.000703 2 2 10
15 0.000703 3 0 PTP 2 2_1_0_21
13 0.000703 2 3
12 0.000703 2 3 10
15 0.000703 3 0 PTP 3 3_1_0_22
13 0.000703 2 4
12 0.000703 2 4 10
15 0.000703 3 0 PTP 4 4_1_0_23
13 0.000703 2 2
12 0.000703 2 2 10
15 0.000703 3 0 PTP 2 2_1_0_24
13 0.000703 2 3
13 0.000703 2 4
13 0.000703 2 2
12 0.000703 2 4 7
12 0.000703 2 2 10
15 0.000703 3 0 PTP 2 2_1_0_25
12 0.000703 2 3 10
15 0.000703 3 0 PTP 3 3_1_0_26
13 0.000703 2 2
12 0.000703 2 2 10
15 0.000703 3 0 PTP 2 2_1_0_27
13 0.000703 2 3
12 0.000703 2 3 10
15 0.000703 3 0 PTP 3 3_1_0_28
13 0.000703 2 2
12 0.000703 2 2 7
13 0.000703 2 3
12 0.000703 2 3 10
15 0.000703 3 0 PTP 3 3_1_0_29
13 0.000703 2 3
12 0.000703 2 3 10
15 0.000703 3 0 PTP 3 3_1_0_30
13 0.000703 2 3
12 0.000703 2 3 7
16 0.000732 3 0 PTP 1 2_1_0_1
13 0.000732 2 1
12 0.000732 2 1 9
16 0.000761 3 0 PTP 1 3_1_0_2
13 0.000761 2 1
12 0.000761 2 1 9
16 0.000790 3 0 PTP 1 4_1_0_3
13 0.000790 2 1
12 0.000790 2 1 9
16 0.000820 3 0 PTP 1 2_1_0_6
13 0.000820 2 1
12 0.000820 2 1 9
16 0.000849 3 0 PTP 1 3_1_0_5
13 0.000849 2 1
12 0.000849 2 1 9
16 0.000878 3 0 PTP 1 4_1_0_4
13 0.000878 2 1
12 0.000878 2 1 9
16 0.000908 3 0 PTP 1 2_1_0_12
13 0.000908 2 1
12 0.000908 2 1 9
16 0.000937 3 0 PTP 1 2_1_0_15
13 0.000937 2 1
12 0.000937 2 1 9
16 0.000966 3 0 PTP 1 3_1_0_13
13 0.000966 2 1
12 0.000966 2 1 9
16 0.000995 3 0 PTP 1 4_1_0_7
13 0.000995 2 1
12 0.000995 2 1 9
16 0.001025 3 0 PTP 1 3_1_0_16
13 0.001025 2 1
12 0.001025 2 1 9
16 0.001054 3 0 PTP 1 4_1_0_8
13 0.001054 2 1
12 0.001054 2 1 9
16 0.001083 3 0 PTP 1 2_1_0_17
13 0.001083 2 1
12 0.001083 2 1 9
16 0.001113 3 0 PTP 1 2_1_0_18
13 0.001113 2 1
12 0.001113 2 1 9
16 0.001142 3 0 PTP 1 3_1_0_19
13 0.001142 2 1
12 0.001142 2 1 9
16 0.001171 3 0 PTP 1 4_1_0_9
13 0.001171 2 1
12 0.001171 2 1 9
16 0.001200 3 0 PTP 1 3_1_0_22
13 0.001200 2 1
12 0.001200 2 1 9
16 0.001230 3 0 PTP 1 4_1_0_10
13 0.001230 2 1
12 0.001230 2 1 9
16 0.001259 3 0 PTP 1 2_1_0_21
13 0.001259 2 1
12 0.001259 2 1 9
16 0.001288 3 0 PTP 1 3_1_0_26
13 0.001288 2 1
12 0.001288 2 1 9
16 0.001318 3 0 PTP 1 4_1_0_11
13 0.001318 2 1
12 0.001318 2 1 9
16 0.001347 3 0 PTP 1 2_1_0_24
13 0.001347 2 1
12 0.001347 2 1 9
16 0.001376 3 0 PTP 1 3_1_0_28
13 0.001376 2 1
12 0.001376 2 1 9
16 0.001405 3 0 PTP 1 4_1_0_14
13 0.001405 2 1
12 0.001405 2 1 9
16 0.001435 3 0 PTP 1 2_1_0_25
13 0.001435 2 1
12 0.001435 2 1 9
16 0.001464 3 0 PTP 1 3_1_0_29
13 0.001464 2 1
12 0.001464 2 1 9
16 0.001493 3 0 PTP 1 4_1_0_20
13 0.001493 2 1
12 0.001493 2 1 9
16 0.001523 3 0 PTP 1 2_1_0_27
13 0.001523 2 1
12 0.001523 2 1 9
16 0.001552 3 0 PTP 1 3_1_0_30
13 0.001552 2 1
12 0.001552 2 1 9
16 0.001581 3 0 PTP 1 4_1_0_23
13 0.001581 2 1
12 0.001581 2 1 7
13 0.001605 2 1
12 0.001605 2 1 7
13 0.001629 2 4
12 0.001629 2 4 7
13 0.001629 2 3
12 0.001629 2 3 7
13 0.001629 2 2
12 0.001629 2 2 7
13 0.001653 2 1
12 0.001653 2 1 7
13 0.001677 2 4
13 0.001677 2 3
13 0.001677 2 2
12 0.001677 2 3 7
12 0.001677 2 4 7
12 0.001677 2 2 7
13 0.001701 2 1
12 0.001701 2 1 7
13 0.001725 2 4
13 0.001725 2 3
13 0.001725 2 2
12 0.001725 2 3 7
12 0.001725 2 2 7
12 0.001725 2 4 7
13 0.001749 2 1
13 0.001773 2 4
13 0.001773 2 3
13 0.001773 2 2
12 0.001982 2 1 8
12 0.001982 2 2 8
13 0.001982 2 1
12 0.001982 2 1 8
13 0.001982 2 1
12 0.001982 2 1 8
13 0.001982 2 1
12 0.001982 2 1 8
13 0.001982 2 1
12 0.001982 2 1 8
12 0.002003 2 4 8
12 0.002004 2 3 8
13 0.002004 2 3
12 0.002004 2 3 8
13 0.002004 2 3
12 0.002004 2 3 8
13 0.002012 2 2
12 0.002012 2 2 8
13 0.002034 2 4
12 0.002034 2 4 8
13 0.002036 2 3
12 0.002036 2 3 8
13 0.002043 2 2
12 0.002043 2 2 8
13 0.002043 2 2
12 0.002043 2 2 8
13 0.002043 2 2
12 0.002043 2 2 8
13 0.002064 2 4
12 0.002064 2 4 8
13 0.002064 2 4
12 0.002064 2 4 8
13 0.002064 2 4
12 0.002064 2 4 8
13 0.002064 2 4
12 0.002064 2 4 8
13 0.002064 2 4
12 0.002064 2 4 8
13 0.002065 2 3
12 0.002065 2 3 8
13 0.002073 2 1
12 0.002073 2 1 8
13 0.002100 2 2
12 0.002100 2 2 8
13 0.002102 2 1
12 0.002102 2 1 8
13 0.002102 2 1
12 0.002102 2 1 8
13 0.002102 2 1
12 0.002102 2 1 8
13 0.002102 2 1
12 0.002102 2 1 8
13 0.002102 2 1
12 0.002102 2 1 8
13 0.002102 2 3
12 0.002102 2 3 8
13 0.002137 2 2
12 0.002137 2 2 8
13 0.002139 2 3
12 0.002139 2 3 8
13 0.002139 2 3
12 0.002139 2 3 8
13 0.002139 2 3
12 0.002139 2 3 8
13 0.002168 2 4
12 0.002168 2 4 8
13 0.002174 2 2
12 0.002174 2 2 8
13 0.002176 2 3
12 0.002176 2 3 8
13 0.002198 2 4
12 0.002198 2 4 8
13 0.002198 2 4
12 0.002198 2 4 8
13 0.002198 2 4
12 0.002198 2 4 8
13 0.002198 2 4
12 0.002198 2 4 8
13 0.002198 2 4
12 0.002198 2 4 7
13 0.002211 2 2
12 0.002211 2 2 8
13 0.002211 2 2
12 0.002211 2 2 8
13 0.002211 2 2
12 0.002211 2 2 8
13 0.002212 2 3
12 0.002212 2 3 8
13 0.002240 2 1
12 0.002240 2 1 8
13 0.002248 2 2
12 0.002248 2 2 8
13 0.002249 2 3
12 0.002249 2 3 8
13 0.002270 2 1
12 0.002270 2 1 7
13 0.002285 2 2
12 0.002285 2 2 7
13 0.002286 2 3
12 0.002286 2 3 7
13 0.002308 2 1
12 0.002308 2 1 7
13 0.002332 2 4
13 0.002332 2 3
13 0.002332 2 2
12 0.002332 2 3 7
12 0.002332 2 4 7
12 0.002332 2 2 7
13 0.002355 2 1
12 0.002355 2 1 9
13 0.002379 2 4
13 0.002379 2 3
13 0.002379 2 2
12 0.002379 2 2 10
15 0.002379 3 0 PTP 2 2_1_0_31
12 0.002379 2 4 10
15 0.002379 3 0 PTP 4 4_1_0_32
12 0.002379 2 3 10
15 0.002379 3 0 PTP 3 3_1_0_33
13 0.002379 2 2
13 0.002379 2 4
12 0.002379 2 4 10
15 0.002379 3 0 PTP 4 4_1_0_34
13 0.002379 2 3
12 0.002379 2 3 10
15 0.002379 3 0 PTP 3 3_1_0_35
13 0.002379 2 4
13 0.002379 2 3
12 0.002379 2 2 10
15 0.002379 3 0 PTP 2 2_1_0_36
12 0.002379 2 3 10
15 0.002379 3 0 PTP 3 3_1_0_37
12 0.002379 2 4 10
15 0.002379 3 0 PTP 4 4_1_0_38
13 0.002379 2 2
13 0.002379 2 3
12 0.002379 2 3 10
15 0.002379 3 0 PTP 3 3_1_0_39
13 0.002379 2 4
12 0.002379 2 4 10
15 0.002379 3 0 PTP 4 4_1_0_40
13 0.002379 2 3
13 0.002379 2 4
12 0.002379 2 4 10
15 0.002379 3 0 PTP 4 4_1_0_41
13 0.002379 2 4
12 0.002379 2 4 10
15 0.002379 3 0 PTP 4 4_1_0_42
13 0.002379 2 4
12 0.002379 2 3 10
15 0.002379 3 0 PTP 3 3_1_0_43
12 0.002379 2 2 10
15 0.002379 3 0 PTP 2 2_1_0_44
12 0.002379 2 4 10
15 0.002379 3 0 PTP 4 4_1_0_45
13 0.002379 2 3
12 0.002379 2 3 10
15 0.002379 3 0 PTP 3 3_1_0_46
13 0.002379 2 2
12 0.002379 2 2 10
15 0.002379 3 0 PTP 2 2_1_0_47
13 0.002379 2 4
12 0.002379 2 4 10
15 0.002379 3 0 PTP 4 4_1_0_48
13 0.002379 2 3
13 0.002379 2 2
12 0.002379 2 2 10
15 0.002379 3 0 PTP 2 2_1_0_49
13 0.002379 2 4
13 0.002379 2 2
12 0.002379 2 2 10
15 0.002379 3 0 PTP 2 2_1_0_50
13 0.002379 2 2
12 0.002379 2 4 10
15 0.002379 3 0 PTP 4 4_1_0_51
12 0.002379 2 2 10
15 0.002379 3 0 PTP 2 2_1_0_52
12 0.002379 2 3 10
15 0.002379 3 0 PTP 3 3_1_0_53
13 0.002379 2 4
12 0.002379 2 4 10
15 0.002379 3 0 PTP 4 4_1_0_54
13 0.002379 2 2
12 0.002379 2 2 10
15 0.002379 3 0 PTP 2 2_1_0_55
13 0.002379 2 3
12 0.002379 2 3 10
15 0.002379 3 0 PTP 3 3_1_0_56
13 0.002379 2 4
12 0.002379 2 4 7
13 0.002379 2 2
13 0.002379 2 3
12 0.002379 2 3 10
15 0.002379 3 0 PTP 3 3_1_0_57
12 0.002379 2 2 10
15 0.002379 3 0 PTP 2 2_1_0_58
13 0.002379 2 3
12 0.002379 2 3 10
15 0.002379 3 0 PTP 3 3_1_0_59
13 0.002379 2 2
12 0.002379 2 2 10
15 0.002379 3 0 PTP 2 2_1_0_60
13 0.002379 2 3
12 0.002379 2 3 7
13 0.002379 2 2
12 0.002379 2 2 7
16 0.002409 3 0 PTP 1 2_1_0_31
13 0.002409 2 1
12 0.002409 2 1 9
16 0.002438 3 0 PTP 1 3_1_0_33
13 0.002438 2 1
12 0.002438 2 1 9
16 0.002467 3 0 PTP 1 4_1_0_32
13 0.002467 2 1
12 0.002467 2 1 9
16 0.002497 3 0 PTP 1 2_1_0_36
13 0.002497 2 1
12 0.002497 2 1 9
16 0.002526 3 0 PTP 1 3_1_0_35
13 0.002526 2 1
12 0.002526 2 1 9
16 0.002555 3 0 PTP 1 4_1_0_34
13 0.002555 2 1
12 0.002555 2 1 9
16 0.002584 3 0 PTP 1 2_1_0_44
13 0.002584 2 1
12 0.002584 2 1 9
16 0.002614 3 0 PTP 1 2_1_0_47
13 0.002614 2 1
12 0.002614 2 1 9
16 0.002643 3 0 PTP 1 3_1_0_37
13 0.002643 2 1
12 0.002643 2 1 9
16 0.002672 3 0 PTP 1 4_1_0_38
13 0.002672 2 1
12 0.002672 2 1 9
16 0.002702 3 0 PTP 1 3_1_0_39
13 0.002702 2 1
12 0.002702 2 1 9
16 0.002731 3 0 PTP 1 4_1_0_40
13 0.002731 2 1
12 0.002731 2 1 9
16 0.002760 3 0 PTP 1 2_1_0_49
13 0.002760 2 1
12 0.002760 2 1 9
16 0.002789 3 0 PTP 1 2_1_0_50
13 0.002789 2 1
12 0.002789 2 1 9
16 0.002819 3 0 PTP 1 3_1_0_43
13 0.002819 2 1
12 0.002819 2 1 9
16 0.002848 3 0 PTP 1 4_1_0_41
13 0.002848 2 1
12 0.002848 2 1 9
16 0.002877 3 0 PTP 1 3_1_0_46
13 0.002877 2 1
12 0.002877 2 1 9
16 0.002907 3 0 PTP 1 4_1_0_42
13 0.002907 2 1
12 0.002907 2 1 9
16 0.002936 3 0 PTP 1 2_1_0_52
13 0.002936 2 1
12 0.002936 2 1 9
16 0.002965 3 0 PTP 1 3_1_0_53
13 0.002965 2 1
12 0.002965 2 1 9
16 0.002994 3 0 PTP 1 4_1_0_45
13 0.002994 2 1
12 0.002994 2 1 9
16 0.003024 3 0 PTP 1 2_1_0_55
13 0.003024 2 1
12 0.003024 2 1 9
16 0.003053 3 0 PTP 1 3_1_0_56
13 0.003053 2 1
12 0.003053 2 1 9
16 0.003082 3 0 PTP 1 4_1_0_48
13 0.003082 2 1
12 0.003082 2 1 9
16 0.003112 3 0 PTP 1 2_1_0_58
13 0.003112 2 1
12 0.003112 2 1 9
16 0.003141 3 0 PTP 1 3_1_0_57
13 0.003141 2 1
12 0.003141 2 1 9
16 0.003170 3 0 PTP 1 4_1_0_51
13 0.003170 2 1
12 0.003170 2 1 9
16 0.003199 3 0 PTP 1 2_1_0_60
13 0.003199 2 1
12 0.003199 2 1 9
16 0.003229 3 0 PTP 1 3_1_0_59
13 0.003229 2 1
12 0.003229 2 1 9
16 0.003258 3 0 PTP 1 4_1_0_54
13 0.003258 2 1
12 0.003258 2 1 7
13 0.003282 2 1
12 0.003282 2 1 7
13 0.003306 2 4
12 0.003306 2 4 7
13 0.003306 2 3
12 0.003306 2 3 7
13 0.003306 2 2
12 0.003306 2 2 7
13 0.003330 2 1
12 0.003330 2 1 7
13 0.003354 2 4
13 0.003354 2 3
13 0.003354 2 2
12 0.003354 2 2 7
12 0.003354 2 3 7
12 0.003354 2 4 7
13 0.003378 2 1
12 0.003378 2 1 7
13 0.003402 2 4
13 0.003402 2 3
13 0.003402 2 2
12 0.003402 2 2 7
12 0.003402 2 4 7
12 0.003402 2 3 7
13 0.003426 2 1
12 0.003426 2 1 11
13 0.003426 2 1
7 0.003426 1 1
13 0.003449 2 4
13 0.003449 2 3
13 0.003449 2 2
12 0.003449 2 2 11
13 0.003449 2 2
7 0.003449 1 2
12 0.003449 2 3 11
13 0.003449 2 3
7 0.003449 1 3
12 0.003449 2 4 11
13 0.003449 2 4
7 0.003449 1 4
